<?xml version="1.0" encoding="UTF-8"?>
<!-- Generated by org.testng.reporters.JUnitReportReporter -->
<testsuite hostname="DESKTOP-31FBK49" name="FactorialCalculator.Calculator.testing.Factorial" tests="2" failures="0" timestamp="10 Jun 2020 20:33:43 GMT" time="64.242" errors="0">
  <testcase name="VerifyFactorial" time="27.169" classname="FactorialCalculator.Calculator.testing.Factorial"/>
  <testcase name="VerifyFactorialError" time="37.073" classname="FactorialCalculator.Calculator.testing.Factorial"/>
</testsuite> <!-- FactorialCalculator.Calculator.testing.Factorial -->
